576 601
576 616
576 769
576 750
576 504
576 309
576 295
576 621
576 42
576 930
576 701
576 468
576 691
576 782
576 348
576 408
576 20
576 499
576 384
576 581
576 574
576 101
576 5
576 204
576 425
576 630
576 444
576 88
576 71
576 559
576 516
576 160
576 38
576 535
576 45
576 533
576 636
576 343
576 948
576 205
576 714
576 863
576 974
576 159
576 23
576 211
576 380
576 109
576 240
576 216
576 980
576 143
576 946
576 962
576 789
576 149
576 591
576 285
576 312
576 259
576 649
576 412
576 273
576 685
576 578
576 50
576 79
576 513
576 716
576 524
576 271
576 121
576 410
576 536
576 763
576 498
576 142
576 843
576 482
576 264
576 314
576 570
576 292
576 865
576 457
576 703
576 319
576 682
576 237
576 252
576 395
576 909
576 848
576 910
576 353
576 129
576 612
576 346
576 464
576 132
576 473
576 845
576 774
576 126
576 181
576 474
576 600
576 453
576 378
576 419
576 519
576 89
576 203
576 246
576 28
576 133
576 307
576 764
576 463
576 411
576 572
576 809
576 8
576 85
576 826
576 846
576 24
576 104
576 315
576 819
576 597
576 651
576 303
576 200
576 808
576 730
576 629
576 407
576 347
576 272
576 558
576 882
576 359
576 362
576 420
576 184
576 622
576 146
576 75
576 874
576 80
576 767
576 290
576 947
576 170
576 251
576 306
576 568
576 976
576 950
576 140
576 772
576 897
576 323
576 63
576 705
576 503
576 618
576 112
576 729
576 114
576 70
576 180
576 301
576 163
576 1
576 816
576 507
576 401
576 934
576 479
576 760
576 103
576 174
576 925
576 667
576 56
576 587
576 928
576 367
576 480
576 665
576 664
576 965
576 158
576 902
576 969
576 657
576 995
576 169
576 720
576 448
576 795
576 383
576 753
576 738
576 228
576 717
576 243
576 966
576 654
576 250
576 375
576 116
576 166
576 145
576 115
576 726
576 191
576 209
576 199
576 828
576 917
576 913
576 903
576 508
576 586
576 919
576 898
576 179
576 69
576 192
576 371
576 595
576 780
576 502
576 78
576 650
576 487
576 759
576 929
576 418
576 687
576 262
576 12
576 201
576 369
576 459
576 727
576 134
576 139
576 996
576 150
576 423
576 25
576 66
576 914
576 713
576 796
576 972
576 820
576 911
576 689
576 899
576 6
576 866
576 397
576 623
576 32
576 765
576 131
576 998
576 628
576 136
576 494
576 429
576 674
576 873
576 296
576 984
576 394
576 739
576 678
576 152
576 725
576 154
576 4
576 130
576 77
576 747
576 954
576 493
576 466
576 416
576 438
576 728
576 83
576 989
576 3
576 52
