162 831
162 690
162 25
162 851
162 458
162 917
162 231
162 923
162 542
162 611
162 120
162 824
162 620
162 397
162 373
162 43
162 15
162 151
162 434
162 635
162 600
162 62
162 886
162 496
162 214
162 927
162 350
162 180
162 859
162 150
162 803
162 142
162 235
162 626
162 717
162 92
162 666
162 529
162 749
162 554
162 327
162 617
162 738
162 725
162 933
162 575
162 324
162 472
162 18
162 722
162 662
162 136
162 957
162 96
162 38
162 909
162 396
162 46
162 641
162 790
162 412
162 452
162 752
162 447
162 819
162 769
162 573
162 108
162 499
162 798
162 621
162 631
162 26
162 313
162 552
162 520
162 939
162 992
162 890
162 780
162 261
162 91
162 146
162 511
162 113
162 879
162 934
162 95
162 415
162 169
162 670
162 224
162 836
162 667
162 708
162 1000
162 581
162 178
162 58
162 845
