687 446
687 558
687 965
687 604
687 758
687 618
687 85
687 285
687 851
687 121
687 362
687 488
687 822
687 72
687 599
687 167
687 226
687 4
687 1
687 380
687 301
687 366
687 980
687 294
687 39
687 448
687 485
687 606
687 42
687 904
687 616
687 836
687 408
687 772
687 879
687 835
687 646
687 529
687 755
687 142
687 425
687 420
687 905
687 183
687 298
687 482
687 66
687 802
687 52
687 187
687 641
687 551
687 264
687 160
687 506
687 338
687 91
687 983
687 804
687 549
687 659
687 648
687 182
687 411
687 684
687 356
687 779
687 477
687 385
687 266
687 957
687 574
687 104
687 557
687 355
687 113
687 32
687 720
687 866
687 743
687 386
687 231
687 244
687 734
687 611
687 239
687 314
687 607
687 432
687 150
687 800
687 293
687 79
687 498
687 177
687 561
687 158
687 938
687 653
687 889
