221 850
221 808
221 992
221 186
221 241
221 918
221 681
221 542
221 535
221 958
221 357
221 448
221 656
221 272
221 844
221 520
221 206
221 155
221 439
221 772
221 150
221 566
221 493
221 359
221 537
221 811
221 589
221 851
221 42
221 311
221 703
221 774
221 309
221 346
221 254
221 806
221 242
221 181
221 611
221 425
221 526
221 596
221 746
221 348
221 791
221 469
221 126
221 723
221 499
221 393
221 156
221 680
221 902
221 17
221 148
221 885
221 609
221 390
221 466
221 1
221 91
221 59
221 752
221 321
221 163
221 265
221 102
221 846
221 507
221 223
221 942
221 293
221 434
221 960
221 394
221 647
221 120
221 877
221 988
221 485
221 603
221 586
221 823
221 158
221 837
221 198
221 763
221 621
221 300
221 103
221 669
221 129
221 695
221 886
221 598
221 930
221 893
221 959
221 704
221 134
