559 441
559 858
559 912
559 267
559 334
559 895
559 965
559 200
559 327
559 165
559 616
559 487
559 124
559 448
559 254
559 599
559 916
559 899
559 238
559 68
559 670
559 591
559 594
559 40
559 609
559 284
559 911
559 440
559 933
559 498
559 115
559 479
559 248
559 530
559 184
559 131
559 306
559 808
559 761
559 167
559 23
559 754
559 886
559 962
559 170
559 139
559 18
559 212
559 47
559 183
559 747
559 335
559 762
559 636
559 30
559 443
559 19
559 392
559 883
559 476
559 393
559 397
559 863
559 963
559 436
559 737
559 742
559 427
559 492
559 957
559 247
559 293
559 11
559 488
559 734
559 971
559 628
559 359
559 352
559 603
559 884
559 648
559 271
559 898
559 539
559 851
559 399
559 639
559 245
559 474
559 624
559 841
559 404
559 1
559 385
559 502
559 472
559 803
559 608
559 351
559 128
559 755
559 489
559 855
559 736
559 133
559 771
559 637
559 207
559 39
559 357
559 236
559 454
559 870
559 577
559 812
559 190
559 374
559 330
559 143
559 197
559 907
559 73
559 565
559 265
559 471
559 562
559 597
559 507
559 642
559 76
559 593
559 667
559 700
559 922
559 292
559 80
559 676
559 348
559 801
559 524
559 309
559 373
559 710
559 130
559 345
559 346
559 635
559 876
559 218
559 503
559 655
559 279
559 93
559 786
559 611
559 333
559 4
559 460
559 976
559 98
559 536
559 733
559 780
559 791
559 739
559 547
559 366
559 668
559 814
559 822
559 500
559 273
559 584
559 651
559 59
559 873
559 405
559 901
559 890
559 760
559 461
559 290
559 126
559 921
559 32
559 171
559 298
559 69
559 501
559 702
559 253
559 740
559 520
559 766
559 304
559 866
559 974
559 928
559 61
559 478
559 551
559 234
559 685
559 300
559 763
559 229
559 410
559 94
559 276
559 729
559 114
559 706
559 767
559 634
559 315
559 673
559 560
559 428
559 693
559 149
559 97
559 483
559 211
559 25
559 807
559 121
559 432
559 469
559 816
559 815
559 285
559 601
559 712
559 657
559 308
559 992
559 640
559 561
559 51
559 99
559 261
559 960
559 296
559 179
559 312
559 219
559 999
559 778
559 251
559 326
559 865
559 118
559 266
559 970
559 368
559 372
559 204
559 691
559 60
559 943
559 398
559 722
559 975
559 615
559 173
559 320
559 665
559 720
559 967
559 741
559 795
559 146
559 5
559 514
559 929
559 709
559 527
559 650
559 613
559 100
559 324
559 541
559 738
559 246
559 854
559 567
559 286
559 82
559 939
559 819
559 455
559 632
559 982
559 983
559 556
559 705
559 235
559 757
559 152
